{"C:\\Users\\Naaru\\OneDrive\\Escritorio\\Lumina-feature-integracion-api\\app\\src\\components\\Ramos\\CreateRamoForm.jsx": {"path":"C:\\Users\\Naaru\\OneDrive\\Escritorio\\Lumina-feature-integracion-api\\app\\src\\components\\Ramos\\CreateRamoForm.jsx","statementMap":{"0":{"start":{"line":5,"column":23},"end":{"line":130,"column":null}},"1":{"start":{"line":6,"column":21},"end":{"line":6,"column":null}},"2":{"start":{"line":8,"column":26},"end":{"line":8,"column":null}},"3":{"start":{"line":9,"column":36},"end":{"line":9,"column":null}},"4":{"start":{"line":11,"column":32},"end":{"line":11,"column":null}},"5":{"start":{"line":12,"column":28},"end":{"line":12,"column":null}},"6":{"start":{"line":13,"column":28},"end":{"line":13,"column":null}},"7":{"start":{"line":15,"column":23},"end":{"line":59,"column":null}},"8":{"start":{"line":16,"column":4},"end":{"line":16,"column":null}},"9":{"start":{"line":17,"column":4},"end":{"line":17,"column":null}},"10":{"start":{"line":18,"column":4},"end":{"line":18,"column":null}},"11":{"start":{"line":20,"column":4},"end":{"line":24,"column":null}},"12":{"start":{"line":21,"column":7},"end":{"line":21,"column":null}},"13":{"start":{"line":22,"column":7},"end":{"line":22,"column":null}},"14":{"start":{"line":23,"column":7},"end":{"line":23,"column":null}},"15":{"start":{"line":26,"column":4},"end":{"line":30,"column":null}},"16":{"start":{"line":27,"column":6},"end":{"line":27,"column":null}},"17":{"start":{"line":28,"column":6},"end":{"line":28,"column":null}},"18":{"start":{"line":29,"column":6},"end":{"line":29,"column":null}},"19":{"start":{"line":32,"column":4},"end":{"line":32,"column":null}},"20":{"start":{"line":34,"column":4},"end":{"line":58,"column":null}},"21":{"start":{"line":35,"column":6},"end":{"line":40,"column":null}},"22":{"start":{"line":42,"column":6},"end":{"line":42,"column":null}},"23":{"start":{"line":43,"column":6},"end":{"line":43,"column":null}},"24":{"start":{"line":44,"column":6},"end":{"line":44,"column":null}},"25":{"start":{"line":46,"column":6},"end":{"line":48,"column":null}},"26":{"start":{"line":47,"column":8},"end":{"line":47,"column":null}},"27":{"start":{"line":50,"column":6},"end":{"line":50,"column":null}},"28":{"start":{"line":50,"column":23},"end":{"line":50,"column":39}},"29":{"start":{"line":53,"column":6},"end":{"line":53,"column":null}},"30":{"start":{"line":54,"column":6},"end":{"line":54,"column":null}},"31":{"start":{"line":55,"column":6},"end":{"line":55,"column":null}},"32":{"start":{"line":57,"column":6},"end":{"line":57,"column":null}},"33":{"start":{"line":61,"column":2},"end":{"line":128,"column":null}},"34":{"start":{"line":85,"column":29},"end":{"line":85,"column":null}},"35":{"start":{"line":100,"column":29},"end":{"line":100,"column":null}}},"fnMap":{"0":{"name":"(anonymous_0)","decl":{"start":{"line":5,"column":23},"end":{"line":5,"column":24}},"loc":{"start":{"line":5,"column":46},"end":{"line":130,"column":null}},"line":5},"1":{"name":"(anonymous_1)","decl":{"start":{"line":15,"column":23},"end":{"line":15,"column":30}},"loc":{"start":{"line":15,"column":36},"end":{"line":59,"column":null}},"line":15},"2":{"name":"(anonymous_2)","decl":{"start":{"line":50,"column":17},"end":{"line":50,"column":23}},"loc":{"start":{"line":50,"column":23},"end":{"line":50,"column":39}},"line":50},"3":{"name":"(anonymous_3)","decl":{"start":{"line":85,"column":22},"end":{"line":85,"column":23}},"loc":{"start":{"line":85,"column":29},"end":{"line":85,"column":null}},"line":85},"4":{"name":"(anonymous_4)","decl":{"start":{"line":100,"column":22},"end":{"line":100,"column":23}},"loc":{"start":{"line":100,"column":29},"end":{"line":100,"column":null}},"line":100}},"branchMap":{"0":{"loc":{"start":{"line":20,"column":4},"end":{"line":24,"column":null}},"type":"if","locations":[{"start":{"line":20,"column":4},"end":{"line":24,"column":null}},{"start":{},"end":{}}],"line":20},"1":{"loc":{"start":{"line":26,"column":4},"end":{"line":30,"column":null}},"type":"if","locations":[{"start":{"line":26,"column":4},"end":{"line":30,"column":null}},{"start":{},"end":{}}],"line":26},"2":{"loc":{"start":{"line":26,"column":8},"end":{"line":26,"column":33}},"type":"binary-expr","locations":[{"start":{"line":26,"column":8},"end":{"line":26,"column":19}},{"start":{"line":26,"column":19},"end":{"line":26,"column":33}}],"line":26},"3":{"loc":{"start":{"line":46,"column":6},"end":{"line":48,"column":null}},"type":"if","locations":[{"start":{"line":46,"column":6},"end":{"line":48,"column":null}},{"start":{},"end":{}}],"line":46},"4":{"loc":{"start":{"line":68,"column":7},"end":{"line":73,"column":null}},"type":"binary-expr","locations":[{"start":{"line":68,"column":7},"end":{"line":68,"column":null}},{"start":{"line":69,"column":8},"end":{"line":73,"column":null}}],"line":68},"5":{"loc":{"start":{"line":70,"column":10},"end":{"line":70,"column":null}},"type":"cond-expr","locations":[{"start":{"line":70,"column":20},"end":{"line":70,"column":73}},{"start":{"line":70,"column":73},"end":{"line":70,"column":null}}],"line":70},"6":{"loc":{"start":{"line":118,"column":11},"end":{"line":124,"column":null}},"type":"cond-expr","locations":[{"start":{"line":119,"column":12},"end":{"line":122,"column":null}},{"start":{"line":124,"column":12},"end":{"line":124,"column":null}}],"line":118}},"s":{"0":1,"1":18,"2":18,"3":18,"4":18,"5":18,"6":18,"7":18,"8":4,"9":4,"10":4,"11":4,"12":1,"13":1,"14":1,"15":3,"16":1,"17":1,"18":1,"19":2,"20":2,"21":2,"22":1,"23":1,"24":1,"25":1,"26":1,"27":1,"28":0,"29":1,"30":1,"31":1,"32":2,"33":18,"34":4,"35":3},"f":{"0":18,"1":4,"2":0,"3":4,"4":3},"b":{"0":[1,3],"1":[1,2],"2":[3,3],"3":[1,0],"4":[18,4],"5":[3,1],"6":[2,16]},"meta":{"lastBranch":7,"lastFunction":5,"lastStatement":36,"seen":{"s:5:23:130:Infinity":0,"f:5:23:5:24":0,"s:6:21:6:Infinity":1,"s:8:26:8:Infinity":2,"s:9:36:9:Infinity":3,"s:11:32:11:Infinity":4,"s:12:28:12:Infinity":5,"s:13:28:13:Infinity":6,"s:15:23:59:Infinity":7,"f:15:23:15:30":1,"s:16:4:16:Infinity":8,"s:17:4:17:Infinity":9,"s:18:4:18:Infinity":10,"b:20:4:24:Infinity:undefined:undefined:undefined:undefined":0,"s:20:4:24:Infinity":11,"s:21:7:21:Infinity":12,"s:22:7:22:Infinity":13,"s:23:7:23:Infinity":14,"b:26:4:30:Infinity:undefined:undefined:undefined:undefined":1,"s:26:4:30:Infinity":15,"b:26:8:26:19:26:19:26:33":2,"s:27:6:27:Infinity":16,"s:28:6:28:Infinity":17,"s:29:6:29:Infinity":18,"s:32:4:32:Infinity":19,"s:34:4:58:Infinity":20,"s:35:6:40:Infinity":21,"s:42:6:42:Infinity":22,"s:43:6:43:Infinity":23,"s:44:6:44:Infinity":24,"b:46:6:48:Infinity:undefined:undefined:undefined:undefined":3,"s:46:6:48:Infinity":25,"s:47:8:47:Infinity":26,"s:50:6:50:Infinity":27,"f:50:17:50:23":2,"s:50:23:50:39":28,"s:53:6:53:Infinity":29,"s:54:6:54:Infinity":30,"s:55:6:55:Infinity":31,"s:57:6:57:Infinity":32,"s:61:2:128:Infinity":33,"b:68:7:68:Infinity:69:8:73:Infinity":4,"b:70:20:70:73:70:73:70:Infinity":5,"f:85:22:85:23":3,"s:85:29:85:Infinity":34,"f:100:22:100:23":4,"s:100:29:100:Infinity":35,"b:119:12:122:Infinity:124:12:124:Infinity":6}}}
,"C:\\Users\\Naaru\\OneDrive\\Escritorio\\Lumina-feature-integracion-api\\app\\src\\contexts\\AuthContext.jsx": {"path":"C:\\Users\\Naaru\\OneDrive\\Escritorio\\Lumina-feature-integracion-api\\app\\src\\contexts\\AuthContext.jsx","statementMap":{"0":{"start":{"line":5,"column":6},"end":{"line":5,"column":null}},"1":{"start":{"line":7,"column":28},"end":{"line":77,"column":null}},"2":{"start":{"line":8,"column":24},"end":{"line":8,"column":null}},"3":{"start":{"line":9,"column":30},"end":{"line":9,"column":null}},"4":{"start":{"line":10,"column":10},"end":{"line":10,"column":null}},"5":{"start":{"line":12,"column":4},"end":{"line":18,"column":null}},"6":{"start":{"line":13,"column":22},"end":{"line":13,"column":null}},"7":{"start":{"line":14,"column":8},"end":{"line":16,"column":null}},"8":{"start":{"line":15,"column":12},"end":{"line":15,"column":null}},"9":{"start":{"line":17,"column":8},"end":{"line":17,"column":null}},"10":{"start":{"line":21,"column":18},"end":{"line":35,"column":null}},"11":{"start":{"line":22,"column":8},"end":{"line":34,"column":null}},"12":{"start":{"line":23,"column":29},"end":{"line":23,"column":null}},"13":{"start":{"line":24,"column":37},"end":{"line":24,"column":null}},"14":{"start":{"line":25,"column":12},"end":{"line":25,"column":null}},"15":{"start":{"line":26,"column":12},"end":{"line":26,"column":null}},"16":{"start":{"line":27,"column":12},"end":{"line":27,"column":null}},"17":{"start":{"line":29,"column":12},"end":{"line":29,"column":null}},"18":{"start":{"line":30,"column":12},"end":{"line":33,"column":null}},"19":{"start":{"line":38,"column":21},"end":{"line":54,"column":null}},"20":{"start":{"line":39,"column":8},"end":{"line":53,"column":null}},"21":{"start":{"line":41,"column":12},"end":{"line":45,"column":null}},"22":{"start":{"line":46,"column":12},"end":{"line":46,"column":null}},"23":{"start":{"line":48,"column":12},"end":{"line":48,"column":null}},"24":{"start":{"line":49,"column":12},"end":{"line":52,"column":null}},"25":{"start":{"line":57,"column":19},"end":{"line":61,"column":null}},"26":{"start":{"line":58,"column":8},"end":{"line":58,"column":null}},"27":{"start":{"line":59,"column":8},"end":{"line":59,"column":null}},"28":{"start":{"line":60,"column":8},"end":{"line":60,"column":null}},"29":{"start":{"line":63,"column":18},"end":{"line":70,"column":null}},"30":{"start":{"line":72,"column":4},"end":{"line":75,"column":null}},"31":{"start":{"line":79,"column":23},"end":{"line":79,"column":null}}},"fnMap":{"0":{"name":"(anonymous_0)","decl":{"start":{"line":7,"column":28},"end":{"line":7,"column":29}},"loc":{"start":{"line":7,"column":46},"end":{"line":77,"column":null}},"line":7},"1":{"name":"(anonymous_1)","decl":{"start":{"line":12,"column":14},"end":{"line":12,"column":20}},"loc":{"start":{"line":12,"column":20},"end":{"line":18,"column":7}},"line":12},"2":{"name":"(anonymous_2)","decl":{"start":{"line":21,"column":18},"end":{"line":21,"column":25}},"loc":{"start":{"line":21,"column":45},"end":{"line":35,"column":null}},"line":21},"3":{"name":"(anonymous_3)","decl":{"start":{"line":38,"column":21},"end":{"line":38,"column":28}},"loc":{"start":{"line":38,"column":56},"end":{"line":54,"column":null}},"line":38},"4":{"name":"(anonymous_4)","decl":{"start":{"line":57,"column":19},"end":{"line":57,"column":25}},"loc":{"start":{"line":57,"column":25},"end":{"line":61,"column":null}},"line":57},"5":{"name":"(anonymous_5)","decl":{"start":{"line":79,"column":23},"end":{"line":79,"column":29}},"loc":{"start":{"line":79,"column":23},"end":{"line":79,"column":null}},"line":79}},"branchMap":{"0":{"loc":{"start":{"line":14,"column":8},"end":{"line":16,"column":null}},"type":"if","locations":[{"start":{"line":14,"column":8},"end":{"line":16,"column":null}},{"start":{},"end":{}}],"line":14},"1":{"loc":{"start":{"line":32,"column":23},"end":{"line":32,"column":null}},"type":"binary-expr","locations":[{"start":{"line":32,"column":23},"end":{"line":32,"column":52}},{"start":{"line":32,"column":52},"end":{"line":32,"column":null}}],"line":32},"2":{"loc":{"start":{"line":51,"column":23},"end":{"line":51,"column":null}},"type":"binary-expr","locations":[{"start":{"line":51,"column":23},"end":{"line":51,"column":52}},{"start":{"line":51,"column":52},"end":{"line":51,"column":null}}],"line":51},"3":{"loc":{"start":{"line":74,"column":13},"end":{"line":74,"column":null}},"type":"binary-expr","locations":[{"start":{"line":74,"column":13},"end":{"line":74,"column":25}},{"start":{"line":74,"column":25},"end":{"line":74,"column":null}}],"line":74}},"s":{"0":1,"1":1,"2":14,"3":14,"4":14,"5":14,"6":6,"7":6,"8":2,"9":6,"10":14,"11":2,"12":2,"13":1,"14":1,"15":1,"16":1,"17":1,"18":1,"19":14,"20":1,"21":1,"22":1,"23":0,"24":0,"25":14,"26":1,"27":1,"28":1,"29":14,"30":14,"31":8},"f":{"0":14,"1":6,"2":2,"3":1,"4":1,"5":8},"b":{"0":[2,4],"1":[1,0],"2":[0,0],"3":[14,8]},"meta":{"lastBranch":4,"lastFunction":6,"lastStatement":32,"seen":{"s:5:6:5:Infinity":0,"s:7:28:77:Infinity":1,"f:7:28:7:29":0,"s:8:24:8:Infinity":2,"s:9:30:9:Infinity":3,"s:10:10:10:Infinity":4,"s:12:4:18:Infinity":5,"f:12:14:12:20":1,"s:13:22:13:Infinity":6,"b:14:8:16:Infinity:undefined:undefined:undefined:undefined":0,"s:14:8:16:Infinity":7,"s:15:12:15:Infinity":8,"s:17:8:17:Infinity":9,"s:21:18:35:Infinity":10,"f:21:18:21:25":2,"s:22:8:34:Infinity":11,"s:23:29:23:Infinity":12,"s:24:37:24:Infinity":13,"s:25:12:25:Infinity":14,"s:26:12:26:Infinity":15,"s:27:12:27:Infinity":16,"s:29:12:29:Infinity":17,"s:30:12:33:Infinity":18,"b:32:23:32:52:32:52:32:Infinity":1,"s:38:21:54:Infinity":19,"f:38:21:38:28":3,"s:39:8:53:Infinity":20,"s:41:12:45:Infinity":21,"s:46:12:46:Infinity":22,"s:48:12:48:Infinity":23,"s:49:12:52:Infinity":24,"b:51:23:51:52:51:52:51:Infinity":2,"s:57:19:61:Infinity":25,"f:57:19:57:25":4,"s:58:8:58:Infinity":26,"s:59:8:59:Infinity":27,"s:60:8:60:Infinity":28,"s:63:18:70:Infinity":29,"s:72:4:75:Infinity":30,"b:74:13:74:25:74:25:74:Infinity":3,"s:79:23:79:Infinity":31,"f:79:23:79:29":5}}}
,"C:\\Users\\Naaru\\OneDrive\\Escritorio\\Lumina-feature-integracion-api\\app\\src\\pages\\HomePage.jsx": {"path":"C:\\Users\\Naaru\\OneDrive\\Escritorio\\Lumina-feature-integracion-api\\app\\src\\pages\\HomePage.jsx","statementMap":{"0":{"start":{"line":9,"column":17},"end":{"line":140,"column":null}},"1":{"start":{"line":10,"column":25},"end":{"line":10,"column":null}},"2":{"start":{"line":11,"column":10},"end":{"line":11,"column":null}},"3":{"start":{"line":14,"column":26},"end":{"line":14,"column":null}},"4":{"start":{"line":15,"column":40},"end":{"line":15,"column":null}},"5":{"start":{"line":16,"column":36},"end":{"line":16,"column":null}},"6":{"start":{"line":19,"column":34},"end":{"line":19,"column":null}},"7":{"start":{"line":21,"column":23},"end":{"line":33,"column":null}},"8":{"start":{"line":22,"column":8},"end":{"line":22,"column":null}},"9":{"start":{"line":23,"column":8},"end":{"line":23,"column":null}},"10":{"start":{"line":24,"column":8},"end":{"line":32,"column":null}},"11":{"start":{"line":25,"column":29},"end":{"line":25,"column":null}},"12":{"start":{"line":26,"column":12},"end":{"line":26,"column":null}},"13":{"start":{"line":28,"column":12},"end":{"line":28,"column":null}},"14":{"start":{"line":29,"column":12},"end":{"line":29,"column":null}},"15":{"start":{"line":31,"column":12},"end":{"line":31,"column":null}},"16":{"start":{"line":35,"column":23},"end":{"line":42,"column":null}},"17":{"start":{"line":36,"column":8},"end":{"line":41,"column":null}},"18":{"start":{"line":37,"column":25},"end":{"line":37,"column":null}},"19":{"start":{"line":38,"column":12},"end":{"line":38,"column":null}},"20":{"start":{"line":40,"column":12},"end":{"line":40,"column":null}},"21":{"start":{"line":44,"column":4},"end":{"line":47,"column":null}},"22":{"start":{"line":45,"column":8},"end":{"line":45,"column":null}},"23":{"start":{"line":46,"column":8},"end":{"line":46,"column":null}},"24":{"start":{"line":50,"column":28},"end":{"line":52,"column":null}},"25":{"start":{"line":51,"column":8},"end":{"line":51,"column":null}},"26":{"start":{"line":54,"column":4},"end":{"line":138,"column":null}}},"fnMap":{"0":{"name":"(anonymous_0)","decl":{"start":{"line":9,"column":17},"end":{"line":9,"column":23}},"loc":{"start":{"line":9,"column":23},"end":{"line":140,"column":null}},"line":9},"1":{"name":"(anonymous_1)","decl":{"start":{"line":21,"column":23},"end":{"line":21,"column":35}},"loc":{"start":{"line":21,"column":35},"end":{"line":33,"column":null}},"line":21},"2":{"name":"(anonymous_2)","decl":{"start":{"line":35,"column":23},"end":{"line":35,"column":35}},"loc":{"start":{"line":35,"column":35},"end":{"line":42,"column":null}},"line":35},"3":{"name":"(anonymous_3)","decl":{"start":{"line":44,"column":14},"end":{"line":44,"column":20}},"loc":{"start":{"line":44,"column":20},"end":{"line":47,"column":7}},"line":44},"4":{"name":"(anonymous_4)","decl":{"start":{"line":50,"column":28},"end":{"line":50,"column":29}},"loc":{"start":{"line":50,"column":40},"end":{"line":52,"column":null}},"line":50}},"branchMap":{"0":{"loc":{"start":{"line":64,"column":31},"end":{"line":64,"column":null}},"type":"binary-expr","locations":[{"start":{"line":64,"column":31},"end":{"line":64,"column":47}},{"start":{"line":64,"column":47},"end":{"line":64,"column":null}}],"line":64},"1":{"loc":{"start":{"line":76,"column":13},"end":{"line":87,"column":null}},"type":"binary-expr","locations":[{"start":{"line":76,"column":13},"end":{"line":76,"column":null}},{"start":{"line":77,"column":16},"end":{"line":87,"column":null}}],"line":76},"2":{"loc":{"start":{"line":105,"column":63},"end":{"line":105,"column":97}},"type":"cond-expr","locations":[{"start":{"line":105,"column":78},"end":{"line":105,"column":95}},{"start":{"line":105,"column":95},"end":{"line":105,"column":97}}],"line":105},"3":{"loc":{"start":{"line":106,"column":25},"end":{"line":106,"column":null}},"type":"cond-expr","locations":[{"start":{"line":106,"column":40},"end":{"line":106,"column":56}},{"start":{"line":106,"column":56},"end":{"line":106,"column":null}}],"line":106},"4":{"loc":{"start":{"line":109,"column":21},"end":{"line":110,"column":null}},"type":"binary-expr","locations":[{"start":{"line":109,"column":21},"end":{"line":109,"column":null}},{"start":{"line":110,"column":24},"end":{"line":110,"column":null}}],"line":109},"5":{"loc":{"start":{"line":113,"column":21},"end":{"line":119,"column":null}},"type":"binary-expr","locations":[{"start":{"line":113,"column":21},"end":{"line":113,"column":36}},{"start":{"line":113,"column":36},"end":{"line":113,"column":null}},{"start":{"line":115,"column":24},"end":{"line":119,"column":null}}],"line":113},"6":{"loc":{"start":{"line":122,"column":21},"end":{"line":127,"column":null}},"type":"binary-expr","locations":[{"start":{"line":122,"column":21},"end":{"line":122,"column":36}},{"start":{"line":122,"column":36},"end":{"line":122,"column":53}},{"start":{"line":122,"column":53},"end":{"line":122,"column":null}},{"start":{"line":123,"column":24},"end":{"line":127,"column":null}}],"line":122}},"s":{"0":1,"1":6,"2":6,"3":6,"4":6,"5":6,"6":6,"7":6,"8":3,"9":3,"10":3,"11":3,"12":2,"13":1,"14":1,"15":3,"16":6,"17":3,"18":3,"19":3,"20":0,"21":6,"22":3,"23":3,"24":6,"25":0,"26":6},"f":{"0":6,"1":3,"2":3,"3":3,"4":0},"b":{"0":[6,6],"1":[6,3],"2":[3,3],"3":[3,3],"4":[6,1],"5":[6,5,1],"6":[6,5,2,1]},"meta":{"lastBranch":7,"lastFunction":5,"lastStatement":27,"seen":{"s:9:17:140:Infinity":0,"f:9:17:9:23":0,"s:10:25:10:Infinity":1,"s:11:10:11:Infinity":2,"s:14:26:14:Infinity":3,"s:15:40:15:Infinity":4,"s:16:36:16:Infinity":5,"s:19:34:19:Infinity":6,"s:21:23:33:Infinity":7,"f:21:23:21:35":1,"s:22:8:22:Infinity":8,"s:23:8:23:Infinity":9,"s:24:8:32:Infinity":10,"s:25:29:25:Infinity":11,"s:26:12:26:Infinity":12,"s:28:12:28:Infinity":13,"s:29:12:29:Infinity":14,"s:31:12:31:Infinity":15,"s:35:23:42:Infinity":16,"f:35:23:35:35":2,"s:36:8:41:Infinity":17,"s:37:25:37:Infinity":18,"s:38:12:38:Infinity":19,"s:40:12:40:Infinity":20,"s:44:4:47:Infinity":21,"f:44:14:44:20":3,"s:45:8:45:Infinity":22,"s:46:8:46:Infinity":23,"s:50:28:52:Infinity":24,"f:50:28:50:29":4,"s:51:8:51:Infinity":25,"s:54:4:138:Infinity":26,"b:64:31:64:47:64:47:64:Infinity":0,"b:76:13:76:Infinity:77:16:87:Infinity":1,"b:105:78:105:95:105:95:105:97":2,"b:106:40:106:56:106:56:106:Infinity":3,"b:109:21:109:Infinity:110:24:110:Infinity":4,"b:113:21:113:36:113:36:113:Infinity:115:24:119:Infinity":5,"b:122:21:122:36:122:36:122:53:122:53:122:Infinity:123:24:127:Infinity":6}}}
,"C:\\Users\\Naaru\\OneDrive\\Escritorio\\Lumina-feature-integracion-api\\app\\src\\pages\\LoginPage.jsx": {"path":"C:\\Users\\Naaru\\OneDrive\\Escritorio\\Lumina-feature-integracion-api\\app\\src\\pages\\LoginPage.jsx","statementMap":{"0":{"start":{"line":5,"column":18},"end":{"line":118,"column":null}},"1":{"start":{"line":6,"column":26},"end":{"line":6,"column":null}},"2":{"start":{"line":7,"column":32},"end":{"line":7,"column":null}},"3":{"start":{"line":8,"column":30},"end":{"line":8,"column":null}},"4":{"start":{"line":9,"column":26},"end":{"line":9,"column":null}},"5":{"start":{"line":11,"column":18},"end":{"line":11,"column":null}},"6":{"start":{"line":12,"column":10},"end":{"line":12,"column":null}},"7":{"start":{"line":14,"column":25},"end":{"line":28,"column":null}},"8":{"start":{"line":15,"column":8},"end":{"line":15,"column":null}},"9":{"start":{"line":16,"column":8},"end":{"line":16,"column":null}},"10":{"start":{"line":17,"column":8},"end":{"line":17,"column":null}},"11":{"start":{"line":19,"column":26},"end":{"line":19,"column":null}},"12":{"start":{"line":21,"column":8},"end":{"line":21,"column":null}},"13":{"start":{"line":23,"column":8},"end":{"line":27,"column":null}},"14":{"start":{"line":24,"column":12},"end":{"line":24,"column":null}},"15":{"start":{"line":26,"column":12},"end":{"line":26,"column":null}},"16":{"start":{"line":30,"column":4},"end":{"line":116,"column":null}},"17":{"start":{"line":66,"column":41},"end":{"line":66,"column":null}},"18":{"start":{"line":82,"column":41},"end":{"line":82,"column":null}},"19":{"start":{"line":103,"column":31},"end":{"line":103,"column":null}}},"fnMap":{"0":{"name":"(anonymous_0)","decl":{"start":{"line":5,"column":18},"end":{"line":5,"column":24}},"loc":{"start":{"line":5,"column":24},"end":{"line":118,"column":null}},"line":5},"1":{"name":"(anonymous_1)","decl":{"start":{"line":14,"column":25},"end":{"line":14,"column":32}},"loc":{"start":{"line":14,"column":38},"end":{"line":28,"column":null}},"line":14},"2":{"name":"(anonymous_2)","decl":{"start":{"line":66,"column":34},"end":{"line":66,"column":35}},"loc":{"start":{"line":66,"column":41},"end":{"line":66,"column":null}},"line":66},"3":{"name":"(anonymous_3)","decl":{"start":{"line":82,"column":34},"end":{"line":82,"column":35}},"loc":{"start":{"line":82,"column":41},"end":{"line":82,"column":null}},"line":82},"4":{"name":"(anonymous_4)","decl":{"start":{"line":103,"column":25},"end":{"line":103,"column":31}},"loc":{"start":{"line":103,"column":31},"end":{"line":103,"column":null}},"line":103}},"branchMap":{"0":{"loc":{"start":{"line":23,"column":8},"end":{"line":27,"column":null}},"type":"if","locations":[{"start":{"line":23,"column":8},"end":{"line":27,"column":null}},{"start":{"line":25,"column":15},"end":{"line":27,"column":null}}],"line":23},"1":{"loc":{"start":{"line":26,"column":21},"end":{"line":26,"column":78}},"type":"binary-expr","locations":[{"start":{"line":26,"column":21},"end":{"line":26,"column":40}},{"start":{"line":26,"column":40},"end":{"line":26,"column":78}}],"line":26},"2":{"loc":{"start":{"line":47,"column":13},"end":{"line":51,"column":null}},"type":"binary-expr","locations":[{"start":{"line":47,"column":13},"end":{"line":47,"column":null}},{"start":{"line":48,"column":16},"end":{"line":51,"column":null}}],"line":47},"3":{"loc":{"start":{"line":94,"column":233},"end":{"line":94,"column":279}},"type":"cond-expr","locations":[{"start":{"line":94,"column":243},"end":{"line":94,"column":277}},{"start":{"line":94,"column":277},"end":{"line":94,"column":279}}],"line":94},"4":{"loc":{"start":{"line":96,"column":25},"end":{"line":96,"column":null}},"type":"cond-expr","locations":[{"start":{"line":96,"column":35},"end":{"line":96,"column":51}},{"start":{"line":96,"column":51},"end":{"line":96,"column":null}}],"line":96},"5":{"loc":{"start":{"line":110,"column":13},"end":{"line":114,"column":null}},"type":"binary-expr","locations":[{"start":{"line":110,"column":13},"end":{"line":110,"column":null}},{"start":{"line":111,"column":16},"end":{"line":114,"column":null}}],"line":110}},"s":{"0":1,"1":6,"2":6,"3":6,"4":6,"5":6,"6":6,"7":6,"8":1,"9":1,"10":1,"11":1,"12":1,"13":1,"14":1,"15":0,"16":6,"17":1,"18":1,"19":0},"f":{"0":6,"1":1,"2":1,"3":1,"4":0},"b":{"0":[1,0],"1":[0,0],"2":[6,0],"3":[1,5],"4":[1,5],"5":[6,0]},"meta":{"lastBranch":6,"lastFunction":5,"lastStatement":20,"seen":{"s:5:18:118:Infinity":0,"f:5:18:5:24":0,"s:6:26:6:Infinity":1,"s:7:32:7:Infinity":2,"s:8:30:8:Infinity":3,"s:9:26:9:Infinity":4,"s:11:18:11:Infinity":5,"s:12:10:12:Infinity":6,"s:14:25:28:Infinity":7,"f:14:25:14:32":1,"s:15:8:15:Infinity":8,"s:16:8:16:Infinity":9,"s:17:8:17:Infinity":10,"s:19:26:19:Infinity":11,"s:21:8:21:Infinity":12,"b:23:8:27:Infinity:25:15:27:Infinity":0,"s:23:8:27:Infinity":13,"s:24:12:24:Infinity":14,"s:26:12:26:Infinity":15,"b:26:21:26:40:26:40:26:78":1,"s:30:4:116:Infinity":16,"b:47:13:47:Infinity:48:16:51:Infinity":2,"f:66:34:66:35":2,"s:66:41:66:Infinity":17,"f:82:34:82:35":3,"s:82:41:82:Infinity":18,"b:94:243:94:277:94:277:94:279":3,"b:96:35:96:51:96:51:96:Infinity":4,"f:103:25:103:31":4,"s:103:31:103:Infinity":19,"b:110:13:110:Infinity:111:16:114:Infinity":5}}}
,"C:\\Users\\Naaru\\OneDrive\\Escritorio\\Lumina-feature-integracion-api\\app\\src\\pages\\RegisterPage.jsx": {"path":"C:\\Users\\Naaru\\OneDrive\\Escritorio\\Lumina-feature-integracion-api\\app\\src\\pages\\RegisterPage.jsx","statementMap":{"0":{"start":{"line":6,"column":21},"end":{"line":107,"column":null}},"1":{"start":{"line":7,"column":28},"end":{"line":7,"column":null}},"2":{"start":{"line":8,"column":26},"end":{"line":8,"column":null}},"3":{"start":{"line":9,"column":32},"end":{"line":9,"column":null}},"4":{"start":{"line":10,"column":30},"end":{"line":10,"column":null}},"5":{"start":{"line":11,"column":26},"end":{"line":11,"column":null}},"6":{"start":{"line":13,"column":21},"end":{"line":13,"column":null}},"7":{"start":{"line":14,"column":10},"end":{"line":14,"column":null}},"8":{"start":{"line":16,"column":25},"end":{"line":32,"column":null}},"9":{"start":{"line":17,"column":8},"end":{"line":17,"column":null}},"10":{"start":{"line":18,"column":8},"end":{"line":18,"column":null}},"11":{"start":{"line":19,"column":8},"end":{"line":19,"column":null}},"12":{"start":{"line":22,"column":26},"end":{"line":22,"column":null}},"13":{"start":{"line":23,"column":8},"end":{"line":23,"column":null}},"14":{"start":{"line":25,"column":8},"end":{"line":31,"column":null}},"15":{"start":{"line":27,"column":12},"end":{"line":27,"column":null}},"16":{"start":{"line":28,"column":12},"end":{"line":28,"column":null}},"17":{"start":{"line":30,"column":12},"end":{"line":30,"column":null}},"18":{"start":{"line":34,"column":4},"end":{"line":105,"column":null}},"19":{"start":{"line":60,"column":41},"end":{"line":60,"column":null}},"20":{"start":{"line":73,"column":41},"end":{"line":73,"column":null}},"21":{"start":{"line":86,"column":41},"end":{"line":86,"column":null}},"22":{"start":{"line":102,"column":35},"end":{"line":102,"column":55}}},"fnMap":{"0":{"name":"(anonymous_0)","decl":{"start":{"line":6,"column":21},"end":{"line":6,"column":27}},"loc":{"start":{"line":6,"column":27},"end":{"line":107,"column":null}},"line":6},"1":{"name":"(anonymous_1)","decl":{"start":{"line":16,"column":25},"end":{"line":16,"column":32}},"loc":{"start":{"line":16,"column":38},"end":{"line":32,"column":null}},"line":16},"2":{"name":"(anonymous_2)","decl":{"start":{"line":60,"column":34},"end":{"line":60,"column":35}},"loc":{"start":{"line":60,"column":41},"end":{"line":60,"column":null}},"line":60},"3":{"name":"(anonymous_3)","decl":{"start":{"line":73,"column":34},"end":{"line":73,"column":35}},"loc":{"start":{"line":73,"column":41},"end":{"line":73,"column":null}},"line":73},"4":{"name":"(anonymous_4)","decl":{"start":{"line":86,"column":34},"end":{"line":86,"column":35}},"loc":{"start":{"line":86,"column":41},"end":{"line":86,"column":null}},"line":86},"5":{"name":"(anonymous_5)","decl":{"start":{"line":102,"column":29},"end":{"line":102,"column":35}},"loc":{"start":{"line":102,"column":35},"end":{"line":102,"column":55}},"line":102}},"branchMap":{"0":{"loc":{"start":{"line":25,"column":8},"end":{"line":31,"column":null}},"type":"if","locations":[{"start":{"line":25,"column":8},"end":{"line":31,"column":null}},{"start":{"line":29,"column":15},"end":{"line":31,"column":null}}],"line":25},"1":{"loc":{"start":{"line":46,"column":13},"end":{"line":49,"column":null}},"type":"binary-expr","locations":[{"start":{"line":46,"column":13},"end":{"line":46,"column":null}},{"start":{"line":47,"column":16},"end":{"line":49,"column":null}}],"line":46},"2":{"loc":{"start":{"line":96,"column":180},"end":{"line":96,"column":226}},"type":"cond-expr","locations":[{"start":{"line":96,"column":190},"end":{"line":96,"column":224}},{"start":{"line":96,"column":224},"end":{"line":96,"column":226}}],"line":96},"3":{"loc":{"start":{"line":98,"column":21},"end":{"line":98,"column":null}},"type":"cond-expr","locations":[{"start":{"line":98,"column":31},"end":{"line":98,"column":46}},{"start":{"line":98,"column":46},"end":{"line":98,"column":null}}],"line":98}},"s":{"0":1,"1":16,"2":16,"3":16,"4":16,"5":16,"6":16,"7":16,"8":16,"9":2,"10":2,"11":2,"12":2,"13":2,"14":2,"15":1,"16":1,"17":1,"18":16,"19":3,"20":3,"21":2,"22":0},"f":{"0":16,"1":2,"2":3,"3":3,"4":2,"5":0},"b":{"0":[1,1],"1":[16,1],"2":[2,14],"3":[2,14]},"meta":{"lastBranch":4,"lastFunction":6,"lastStatement":23,"seen":{"s:6:21:107:Infinity":0,"f:6:21:6:27":0,"s:7:28:7:Infinity":1,"s:8:26:8:Infinity":2,"s:9:32:9:Infinity":3,"s:10:30:10:Infinity":4,"s:11:26:11:Infinity":5,"s:13:21:13:Infinity":6,"s:14:10:14:Infinity":7,"s:16:25:32:Infinity":8,"f:16:25:16:32":1,"s:17:8:17:Infinity":9,"s:18:8:18:Infinity":10,"s:19:8:19:Infinity":11,"s:22:26:22:Infinity":12,"s:23:8:23:Infinity":13,"b:25:8:31:Infinity:29:15:31:Infinity":0,"s:25:8:31:Infinity":14,"s:27:12:27:Infinity":15,"s:28:12:28:Infinity":16,"s:30:12:30:Infinity":17,"s:34:4:105:Infinity":18,"b:46:13:46:Infinity:47:16:49:Infinity":1,"f:60:34:60:35":2,"s:60:41:60:Infinity":19,"f:73:34:73:35":3,"s:73:41:73:Infinity":20,"f:86:34:86:35":4,"s:86:41:86:Infinity":21,"b:96:190:96:224:96:224:96:226":2,"b:98:31:98:46:98:46:98:Infinity":3,"f:102:29:102:35":5,"s:102:35:102:55":22}}}
}
