TN:
SF:src\components\Ramos\CreateRamoForm.jsx
FN:5,(anonymous_0)
FN:15,(anonymous_1)
FN:50,(anonymous_2)
FN:85,(anonymous_3)
FN:100,(anonymous_4)
FNF:5
FNH:4
FNDA:18,(anonymous_0)
FNDA:4,(anonymous_1)
FNDA:0,(anonymous_2)
FNDA:4,(anonymous_3)
FNDA:3,(anonymous_4)
DA:5,1
DA:6,18
DA:8,18
DA:9,18
DA:11,18
DA:12,18
DA:13,18
DA:15,18
DA:16,4
DA:17,4
DA:18,4
DA:20,4
DA:21,1
DA:22,1
DA:23,1
DA:26,3
DA:27,1
DA:28,1
DA:29,1
DA:32,2
DA:34,2
DA:35,2
DA:42,1
DA:43,1
DA:44,1
DA:46,1
DA:47,1
DA:50,1
DA:53,1
DA:54,1
DA:55,1
DA:57,2
DA:61,18
DA:85,4
DA:100,3
LF:35
LH:35
BRDA:20,0,0,1
BRDA:20,0,1,3
BRDA:26,1,0,1
BRDA:26,1,1,2
BRDA:26,2,0,3
BRDA:26,2,1,3
BRDA:46,3,0,1
BRDA:46,3,1,0
BRDA:68,4,0,18
BRDA:68,4,1,4
BRDA:70,5,0,3
BRDA:70,5,1,1
BRDA:118,6,0,2
BRDA:118,6,1,16
BRF:14
BRH:13
end_of_record
TN:
SF:src\contexts\AuthContext.jsx
FN:7,(anonymous_0)
FN:12,(anonymous_1)
FN:21,(anonymous_2)
FN:38,(anonymous_3)
FN:57,(anonymous_4)
FN:79,(anonymous_5)
FNF:6
FNH:6
FNDA:14,(anonymous_0)
FNDA:6,(anonymous_1)
FNDA:2,(anonymous_2)
FNDA:1,(anonymous_3)
FNDA:1,(anonymous_4)
FNDA:8,(anonymous_5)
DA:5,1
DA:7,1
DA:8,14
DA:9,14
DA:10,14
DA:12,14
DA:13,6
DA:14,6
DA:15,2
DA:17,6
DA:21,14
DA:22,2
DA:23,2
DA:24,1
DA:25,1
DA:26,1
DA:27,1
DA:29,1
DA:30,1
DA:38,14
DA:39,1
DA:41,1
DA:46,1
DA:48,0
DA:49,0
DA:57,14
DA:58,1
DA:59,1
DA:60,1
DA:63,14
DA:72,14
DA:79,8
LF:32
LH:30
BRDA:14,0,0,2
BRDA:14,0,1,4
BRDA:32,1,0,1
BRDA:32,1,1,0
BRDA:51,2,0,0
BRDA:51,2,1,0
BRDA:74,3,0,14
BRDA:74,3,1,8
BRF:8
BRH:5
end_of_record
TN:
SF:src\pages\HomePage.jsx
FN:9,(anonymous_0)
FN:21,(anonymous_1)
FN:35,(anonymous_2)
FN:44,(anonymous_3)
FN:50,(anonymous_4)
FNF:5
FNH:4
FNDA:6,(anonymous_0)
FNDA:3,(anonymous_1)
FNDA:3,(anonymous_2)
FNDA:3,(anonymous_3)
FNDA:0,(anonymous_4)
DA:9,1
DA:10,6
DA:11,6
DA:14,6
DA:15,6
DA:16,6
DA:19,6
DA:21,6
DA:22,3
DA:23,3
DA:24,3
DA:25,3
DA:26,2
DA:28,1
DA:29,1
DA:31,3
DA:35,6
DA:36,3
DA:37,3
DA:38,3
DA:40,0
DA:44,6
DA:45,3
DA:46,3
DA:50,6
DA:51,0
DA:54,6
LF:27
LH:25
BRDA:64,0,0,6
BRDA:64,0,1,6
BRDA:76,1,0,6
BRDA:76,1,1,3
BRDA:105,2,0,3
BRDA:105,2,1,3
BRDA:106,3,0,3
BRDA:106,3,1,3
BRDA:109,4,0,6
BRDA:109,4,1,1
BRDA:113,5,0,6
BRDA:113,5,1,5
BRDA:113,5,2,1
BRDA:122,6,0,6
BRDA:122,6,1,5
BRDA:122,6,2,2
BRDA:122,6,3,1
BRF:17
BRH:17
end_of_record
TN:
SF:src\pages\LoginPage.jsx
FN:5,(anonymous_0)
FN:14,(anonymous_1)
FN:66,(anonymous_2)
FN:82,(anonymous_3)
FN:103,(anonymous_4)
FNF:5
FNH:4
FNDA:6,(anonymous_0)
FNDA:1,(anonymous_1)
FNDA:1,(anonymous_2)
FNDA:1,(anonymous_3)
FNDA:0,(anonymous_4)
DA:5,1
DA:6,6
DA:7,6
DA:8,6
DA:9,6
DA:11,6
DA:12,6
DA:14,6
DA:15,1
DA:16,1
DA:17,1
DA:19,1
DA:21,1
DA:23,1
DA:24,1
DA:26,0
DA:30,6
DA:66,1
DA:82,1
DA:103,0
LF:20
LH:18
BRDA:23,0,0,1
BRDA:23,0,1,0
BRDA:26,1,0,0
BRDA:26,1,1,0
BRDA:47,2,0,6
BRDA:47,2,1,0
BRDA:94,3,0,1
BRDA:94,3,1,5
BRDA:96,4,0,1
BRDA:96,4,1,5
BRDA:110,5,0,6
BRDA:110,5,1,0
BRF:12
BRH:7
end_of_record
TN:
SF:src\pages\RegisterPage.jsx
FN:6,(anonymous_0)
FN:16,(anonymous_1)
FN:60,(anonymous_2)
FN:73,(anonymous_3)
FN:86,(anonymous_4)
FN:102,(anonymous_5)
FNF:6
FNH:5
FNDA:16,(anonymous_0)
FNDA:2,(anonymous_1)
FNDA:3,(anonymous_2)
FNDA:3,(anonymous_3)
FNDA:2,(anonymous_4)
FNDA:0,(anonymous_5)
DA:6,1
DA:7,16
DA:8,16
DA:9,16
DA:10,16
DA:11,16
DA:13,16
DA:14,16
DA:16,16
DA:17,2
DA:18,2
DA:19,2
DA:22,2
DA:23,2
DA:25,2
DA:27,1
DA:28,1
DA:30,1
DA:34,16
DA:60,3
DA:73,3
DA:86,2
DA:102,0
LF:23
LH:22
BRDA:25,0,0,1
BRDA:25,0,1,1
BRDA:46,1,0,16
BRDA:46,1,1,1
BRDA:96,2,0,2
BRDA:96,2,1,14
BRDA:98,3,0,2
BRDA:98,3,1,14
BRF:8
BRH:8
end_of_record
