<?xml version="1.0" ?>
<coverage version="7.11.3" timestamp="1762865146433" lines-valid="2" lines-covered="2" line-rate="1" branches-covered="0" branches-valid="0" branch-rate="0" complexity="0">
	<!-- Generated by coverage.py: https://coverage.readthedocs.io/en/7.11.3 -->
	<!-- Based on https://raw.githubusercontent.com/cobertura/web/master/htdocs/xml/coverage-04.dtd -->
	<sources>
		<source>C:\Users\Naaru\Lumina\api</source>
	</sources>
	<packages>
		<package name="test" line-rate="1" branch-rate="0" complexity="0">
			<classes>
				<class name="test_dummy.py" filename="test/test_dummy.py" complexity="0" line-rate="1" branch-rate="0">
					<methods/>
					<lines>
						<line number="2" hits="1"/>
						<line number="4" hits="1"/>
					</lines>
				</class>
			</classes>
		</package>
	</packages>
</coverage>
